<?xml version="1.0" encoding="UTF-8"?>
<!-- Generated by org.testng.reporters.JUnitReportReporter -->
<testsuite skipped="0" hostname="DESKTOP-RQ182LP" name="com.org.learningMaven.myMavenProject.HelloWorldTest" tests="1" failures="0" timestamp="07 Apr 2017 09:23:36 GMT" time="64.319" errors="0">
  <testcase name="loginTest" time="64.319" classname="com.org.learningMaven.myMavenProject.HelloWorldTest"/>
</testsuite> <!-- com.org.learningMaven.myMavenProject.HelloWorldTest -->
